SF:tests/__init__.py
end_of_record
SF:tests/basic/__init__.py
end_of_record
SF:tests/basic/test_001.py
DA:1,0
DA:2,0
DA:4,0
DA:5,0
DA:6,0
DA:7,0
DA:8,0
DA:9,0
DA:11,0
DA:12,0
DA:13,0
DA:14,0
LF:12
LH:0
FN:5,9,test_always_passes
FNDA:0,test_always_passes
FN:12,14,test_always_fails
FNDA:0,test_always_fails
FNF:2
FNH:0
end_of_record
SF:tests/basic/test_002.py
DA:3,0
DA:5,0
DA:6,0
DA:7,0
DA:9,0
DA:10,0
LF:6
LH:0
FN:6,7,example_fixture
FNDA:0,example_fixture
FN:9,10,test_with_fixture
FNDA:0,test_with_fixture
FNF:2
FNH:0
end_of_record
SF:tests/basic/test_003.py
DA:1,0
DA:3,0
DA:5,0
DA:8,0
DA:10,0
DA:19,0
DA:20,0
DA:21,0
LF:8
LH:0
FN:3,8,is_palindrome
FNDA:0,is_palindrome
FN:20,21,test_is_palindrome
FNDA:0,test_is_palindrome
FNF:2
FNH:0
end_of_record
SF:tests/basic/test_fixtures--001.py
DA:1,0
DA:4,0
DA:5,0
DA:6,0
DA:9,0
DA:10,0
LF:6
LH:0
FN:5,6,number
FNDA:0,number
FN:9,10,test_even
FNDA:0,test_even
FNF:2
FNH:0
end_of_record
SF:tests/loggers/__init__.py
end_of_record
SF:tests/loggers/log_handler.py
DA:1,0
DA:2,0
DA:3,0
DA:5,0
DA:6,0
DA:7,0
DA:8,0
DA:9,0
DA:11,0
DA:13,0
DA:14,0
DA:17,0
DA:20,0
DA:23,0
LF:14
LH:0
FN:6,9,LogHandler.__init__
FNDA:0,LogHandler.__init__
FN:11,23,LogHandler.emit
FNDA:0,LogHandler.emit
FNF:2
FNH:0
end_of_record
SF:tests/loggers/test_log_handler.py
DA:1,0
DA:2,0
DA:4,0
DA:7,0
DA:8,0
DA:11,0
DA:14,0
DA:17,0
DA:18,0
DA:19,0
DA:20,0
DA:21,0
DA:22,0
LF:13
LH:0
FN:17,22,test_logger
FNDA:0,test_logger
FNF:1
FNH:0
end_of_record
SF:tests/mockings/test_mock_pytest--001.py
DA:1,1
DA:3,1
DA:6,1
DA:7,1
DA:8,0
DA:13,0
DA:15,1
DA:17,1
DA:18,1
DA:19,1
DA:22,1
LF:11
LH:9
FN:7,13,ProductionDB.get_car_price
FNDA:0,ProductionDB.get_car_price
FN:17,22,TestDB.test_car_price
FNDA:1,TestDB.test_car_price
FNF:2
FNH:1
end_of_record
